<?xml version="1.0" encoding="UTF-8"?>
<testsuite name="tests.LoginTests" tests="2" skipped="0" failures="0" errors="0" timestamp="2023-07-24T20:15:15" hostname="MAIN" time="11.366">
  <properties/>
  <testcase name="loginNegativeWrongEmail" classname="tests.LoginTests" time="2.24"/>
  <testcase name="loginPositiveTestBase" classname="tests.LoginTests" time="4.102"/>
  <system-out><![CDATA[]]></system-out>
  <system-err><![CDATA[console.warn: LoginRecipes: "Falling back to a synchronous message for: https://telranedu.web.app."
console.warn: LoginRecipes: "Falling back to a synchronous message for: https://telranedu.web.app."
]]></system-err>
</testsuite>
